<?xml version="1.0" encoding="UTF-8" ?>
<testsuite failures="0" time="189.765" errors="1" skipped="0" tests="5" name="com.bmc.util.os.WindowsOperatingSystemHelperJunitTest">
  <properties>
[...]
</properties>
  <testcase time="0.17" classname="com.bmc.util.os.WindowsOperatingSystemHelperJunitTest" name="testWindowsCommand"/>
  <testcase time="184.95" classname="com.bmc.util.os.WindowsOperatingSystemHelperJunitTest" name="testServiceStop">
    <error message=" Service Spooler can not be started" type="java.lang.Exception">java.lang.Exception:  Service Spooler can not be started
	at com.bmc.util.os.WindowsOperatingSystemHelperJunitTest.testServiceStop(WindowsOperatingSystemHelperJunitTest.java:101)
	at sun.reflect.NativeMethodAccessorImpl.invoke0(Native Method)
	at sun.reflect.NativeMethodAccessorImpl.invoke(NativeMethodAccessorImpl.java:57)
	at sun.reflect.DelegatingMethodAccessorImpl.invoke(DelegatingMethodAccessorImpl.java:43)
	at java.lang.reflect.Method.invoke(Method.java:601)
	at junit.framework.TestCase.runTest(TestCase.java:168)
	at junit.framework.TestCase.runBare(TestCase.java:134)
	at junit.framework.TestResult$1.protect(TestResult.java:110)
	at junit.framework.TestResult.runProtected(TestResult.java:128)
	at junit.framework.TestResult.run(TestResult.java:113)
	at junit.framework.TestCase.run(TestCase.java:124)
	at junit.framework.TestSuite.runTest(TestSuite.java:243)
	at junit.framework.TestSuite.run(TestSuite.java:238)
	at org.junit.internal.runners.JUnit38ClassRunner.run(JUnit38ClassRunner.java:83)
	at org.apache.maven.surefire.junit4.JUnit4Provider.execute(JUnit4Provider.java:252)
	at org.apache.maven.surefire.junit4.JUnit4Provider.executeTestSet(JUnit4Provider.java:141)
	at org.apache.maven.surefire.junit4.JUnit4Provider.invoke(JUnit4Provider.java:112)
	at sun.reflect.NativeMethodAccessorImpl.invoke0(Native Method)
	at sun.reflect.NativeMethodAccessorImpl.invoke(NativeMethodAccessorImpl.java:57)
	at sun.reflect.DelegatingMethodAccessorImpl.invoke(DelegatingMethodAccessorImpl.java:43)
	at java.lang.reflect.Method.invoke(Method.java:601)
	at org.apache.maven.surefire.util.ReflectionUtils.invokeMethodWithArray(ReflectionUtils.java:189)
	at org.apache.maven.surefire.booter.ProviderFactory$ProviderProxy.invoke(ProviderFactory.java:165)
	at org.apache.maven.surefire.booter.ProviderFactory.invokeProvider(ProviderFactory.java:85)
	at org.apache.maven.surefire.booter.ForkedBooter.runSuitesInProcess(ForkedBooter.java:115)
	at org.apache.maven.surefire.booter.ForkedBooter.main(ForkedBooter.java:75)
</error>
    <system-out>&lt;O,10/17/16 14:27:43 IST,[main]&gt;[INFO ,WindowsOperatingSystemHelper,setUp]  service_start_name =Spooler
&lt;O,10/17/16 14:27:43 IST,[main]&gt;[INFO ,WindowsOperatingSystemHelper,setUp]  service_stop_name =Spooler
&lt;O,10/17/16 14:27:43 IST,[main]&gt;[INFO ,WindowsOperatingSystemHelper,setUp]  task_kill_name =Spooler
&lt;O,10/17/16 14:27:43 IST,[main]&gt;[INFO ,WindowsOperatingSystemHelper,setUp]  task_kill_filter =SERVICES eq Spooler
&lt;O,10/17/16 14:27:43 IST,[main]&gt;[INFO ,WindowsOperatingSystemHelper,setUp]  windows_command =dir
&lt;O,10/17/16 14:27:43 IST,[main]&gt;[INFO ,WindowsOperatingSystemHelper,setUp]  windows_batch_command =tests//junit_windows.bat
&lt;O,10/17/16 14:27:43 IST,[main]&gt;[INFO ,WindowsOperatingSystemHelper,stopService] os.windows.stop.service.timeout.seconds for Windows OS is180
&lt;O,10/17/16 14:27:43 IST,[main]&gt;[INFO ,WindowsOperatingSystemHelper,setSCPATH] Found the env systemroot C:\windows\system32\
&lt;O,10/17/16 14:27:43 IST,[main]&gt;[INFO ,WindowsOperatingSystemHelper,stopService] Stopping the service Spooler attempt  1
&lt;O,10/17/16 14:27:43 IST,[main]&gt;[INFO ,WindowsOperatingSystemHelper,stopService] Stopping the service .Spooler 
&lt;O,10/17/16 14:27:43 IST,[main]&gt;[INFO ,GenericOperatingSystemHelper,executeCommands] Generic command sent to Operating system Executing [cmd.exe, /c, sc, stop, Spooler]
&lt;G,10/17/16 14:27:43 IST,[main]&gt;[DEBUG,WindowsOperatingSystemHelper,stopService] Executing the command [cmd.exe, /c, sc, query, Spooler]
&lt;O,10/17/16 14:27:43 IST,[main]&gt;[INFO ,GenericOperatingSystemHelper,executeCommands] Generic command sent to Operating system Executing [cmd.exe, /c, sc, query, Spooler]
&lt;G,10/17/16 14:27:43 IST,[main]&gt;[DEBUG,WindowsOperatingSystemHelper,stopService] Executed the command [cmd.exe, /c, sc, query, Spooler]
&lt;G,10/17/16 14:27:43 IST,[main]&gt;[DEBUG,WindowsOperatingSystemHelper,getProcessStatus] Line :         STATE              : 4  RUNNING 
&lt;G,10/17/16 14:27:43 IST,[main]&gt;[DEBUG,WindowsOperatingSystemHelper,getProcessStatus] STATE : 4
&lt;O,10/17/16 14:27:43 IST,[main]&gt;[INFO ,WindowsOperatingSystemHelper,stopService] Service Spooler not stopped waiting for 18000 milliseconds..
&lt;O,10/17/16 14:28:01 IST,[main]&gt;[INFO ,WindowsOperatingSystemHelper,stopService] Stopping the service Spooler attempt  2
&lt;O,10/17/16 14:28:01 IST,[main]&gt;[INFO ,WindowsOperatingSystemHelper,stopService] Stopping the service .Spooler 
&lt;O,10/17/16 14:28:01 IST,[main]&gt;[INFO ,GenericOperatingSystemHelper,executeCommands] Generic command sent to Operating system Executing [cmd.exe, /c, sc, stop, Spooler]
&lt;G,10/17/16 14:28:02 IST,[main]&gt;[DEBUG,WindowsOperatingSystemHelper,stopService] Executing the command [cmd.exe, /c, sc, query, Spooler]
&lt;O,10/17/16 14:28:02 IST,[main]&gt;[INFO ,GenericOperatingSystemHelper,executeCommands] Generic command sent to Operating system Executing [cmd.exe, /c, sc, query, Spooler]
&lt;G,10/17/16 14:28:02 IST,[main]&gt;[DEBUG,WindowsOperatingSystemHelper,stopService] Executed the command [cmd.exe, /c, sc, query, Spooler]
&lt;G,10/17/16 14:28:02 IST,[main]&gt;[DEBUG,WindowsOperatingSystemHelper,getProcessStatus] Line :         STATE              : 4  RUNNING 
&lt;G,10/17/16 14:28:02 IST,[main]&gt;[DEBUG,WindowsOperatingSystemHelper,getProcessStatus] STATE : 4
&lt;O,10/17/16 14:28:02 IST,[main]&gt;[INFO ,WindowsOperatingSystemHelper,stopService] Service Spooler not stopped waiting for 18000 milliseconds..
&lt;O,10/17/16 14:28:20 IST,[main]&gt;[INFO ,WindowsOperatingSystemHelper,stopService] Stopping the service Spooler attempt  3
&lt;O,10/17/16 14:28:20 IST,[main]&gt;[INFO ,WindowsOperatingSystemHelper,stopService] Stopping the service .Spooler 
&lt;O,10/17/16 14:28:20 IST,[main]&gt;[INFO ,GenericOperatingSystemHelper,executeCommands] Generic command sent to Operating system Executing [cmd.exe, /c, sc, stop, Spooler]
&lt;G,10/17/16 14:28:20 IST,[main]&gt;[DEBUG,WindowsOperatingSystemHelper,stopService] Executing the command [cmd.exe, /c, sc, query, Spooler]
&lt;O,10/17/16 14:28:20 IST,[main]&gt;[INFO ,GenericOperatingSystemHelper,executeCommands] Generic command sent to Operating system Executing [cmd.exe, /c, sc, query, Spooler]
&lt;G,10/17/16 14:28:20 IST,[main]&gt;[DEBUG,WindowsOperatingSystemHelper,stopService] Executed the command [cmd.exe, /c, sc, query, Spooler]
&lt;G,10/17/16 14:28:20 IST,[main]&gt;[DEBUG,WindowsOperatingSystemHelper,getProcessStatus] Line :         STATE              : 4  RUNNING 
&lt;G,10/17/16 14:28:20 IST,[main]&gt;[DEBUG,WindowsOperatingSystemHelper,getProcessStatus] STATE : 4
&lt;O,10/17/16 14:28:20 IST,[main]&gt;[INFO ,WindowsOperatingSystemHelper,stopService] Service Spooler not stopped waiting for 18000 milliseconds..
&lt;O,10/17/16 14:28:38 IST,[main]&gt;[INFO ,WindowsOperatingSystemHelper,stopService] Stopping the service Spooler attempt  4
&lt;O,10/17/16 14:28:38 IST,[main]&gt;[INFO ,WindowsOperatingSystemHelper,stopService] Stopping the service .Spooler 
&lt;O,10/17/16 14:28:38 IST,[main]&gt;[INFO ,GenericOperatingSystemHelper,executeCommands] Generic command sent to Operating system Executing [cmd.exe, /c, sc, stop, Spooler]
&lt;G,10/17/16 14:28:38 IST,[main]&gt;[DEBUG,WindowsOperatingSystemHelper,stopService] Executing the command [cmd.exe, /c, sc, query, Spooler]
&lt;O,10/17/16 14:28:38 IST,[main]&gt;[INFO ,GenericOperatingSystemHelper,executeCommands] Generic command sent to Operating system Executing [cmd.exe, /c, sc, query, Spooler]
&lt;G,10/17/16 14:28:38 IST,[main]&gt;[DEBUG,WindowsOperatingSystemHelper,stopService] Executed the command [cmd.exe, /c, sc, query, Spooler]
&lt;G,10/17/16 14:28:38 IST,[main]&gt;[DEBUG,WindowsOperatingSystemHelper,getProcessStatus] Line :         STATE              : 4  RUNNING 
&lt;G,10/17/16 14:28:38 IST,[main]&gt;[DEBUG,WindowsOperatingSystemHelper,getProcessStatus] STATE : 4
&lt;O,10/17/16 14:28:38 IST,[main]&gt;[INFO ,WindowsOperatingSystemHelper,stopService] Service Spooler not stopped waiting for 18000 milliseconds..
&lt;O,10/17/16 14:28:56 IST,[main]&gt;[INFO ,WindowsOperatingSystemHelper,stopService] Stopping the service Spooler attempt  5
&lt;O,10/17/16 14:28:56 IST,[main]&gt;[INFO ,WindowsOperatingSystemHelper,stopService] Stopping the service .Spooler 
&lt;O,10/17/16 14:28:56 IST,[main]&gt;[INFO ,GenericOperatingSystemHelper,executeCommands] Generic command sent to Operating system Executing [cmd.exe, /c, sc, stop, Spooler]
&lt;G,10/17/16 14:28:56 IST,[main]&gt;[DEBUG,WindowsOperatingSystemHelper,stopService] Executing the command [cmd.exe, /c, sc, query, Spooler]
&lt;O,10/17/16 14:28:56 IST,[main]&gt;[INFO ,GenericOperatingSystemHelper,executeCommands] Generic command sent to Operating system Executing [cmd.exe, /c, sc, query, Spooler]
&lt;G,10/17/16 14:28:56 IST,[main]&gt;[DEBUG,WindowsOperatingSystemHelper,stopService] Executed the command [cmd.exe, /c, sc, query, Spooler]
&lt;G,10/17/16 14:28:57 IST,[main]&gt;[DEBUG,WindowsOperatingSystemHelper,getProcessStatus] Line :         STATE              : 4  RUNNING 
&lt;G,10/17/16 14:28:57 IST,[main]&gt;[DEBUG,WindowsOperatingSystemHelper,getProcessStatus] STATE : 4
&lt;O,10/17/16 14:28:57 IST,[main]&gt;[INFO ,WindowsOperatingSystemHelper,stopService] Service Spooler not stopped waiting for 18000 milliseconds..
&lt;O,10/17/16 14:29:15 IST,[main]&gt;[INFO ,WindowsOperatingSystemHelper,stopService] Stopping the service Spooler attempt  6
&lt;O,10/17/16 14:29:15 IST,[main]&gt;[INFO ,WindowsOperatingSystemHelper,stopService] Stopping the service .Spooler 
&lt;O,10/17/16 14:29:15 IST,[main]&gt;[INFO ,GenericOperatingSystemHelper,executeCommands] Generic command sent to Operating system Executing [cmd.exe, /c, sc, stop, Spooler]
&lt;G,10/17/16 14:29:15 IST,[main]&gt;[DEBUG,WindowsOperatingSystemHelper,stopService] Executing the command [cmd.exe, /c, sc, query, Spooler]
&lt;O,10/17/16 14:29:15 IST,[main]&gt;[INFO ,GenericOperatingSystemHelper,executeCommands] Generic command sent to Operating system Executing [cmd.exe, /c, sc, query, Spooler]
&lt;G,10/17/16 14:29:15 IST,[main]&gt;[DEBUG,WindowsOperatingSystemHelper,stopService] Executed the command [cmd.exe, /c, sc, query, Spooler]
&lt;G,10/17/16 14:29:15 IST,[main]&gt;[DEBUG,WindowsOperatingSystemHelper,getProcessStatus] Line :         STATE              : 4  RUNNING 
&lt;G,10/17/16 14:29:15 IST,[main]&gt;[DEBUG,WindowsOperatingSystemHelper,getProcessStatus] STATE : 4
&lt;O,10/17/16 14:29:15 IST,[main]&gt;[INFO ,WindowsOperatingSystemHelper,stopService] Service Spooler not stopped waiting for 18000 milliseconds..
&lt;O,10/17/16 14:29:33 IST,[main]&gt;[INFO ,WindowsOperatingSystemHelper,stopService] Stopping the service Spooler attempt  7
&lt;O,10/17/16 14:29:33 IST,[main]&gt;[INFO ,WindowsOperatingSystemHelper,stopService] Stopping the service .Spooler 
&lt;O,10/17/16 14:29:33 IST,[main]&gt;[INFO ,GenericOperatingSystemHelper,executeCommands] Generic command sent to Operating system Executing [cmd.exe, /c, sc, stop, Spooler]
&lt;G,10/17/16 14:29:33 IST,[main]&gt;[DEBUG,WindowsOperatingSystemHelper,stopService] Executing the command [cmd.exe, /c, sc, query, Spooler]
&lt;O,10/17/16 14:29:33 IST,[main]&gt;[INFO ,GenericOperatingSystemHelper,executeCommands] Generic command sent to Operating system Executing [cmd.exe, /c, sc, query, Spooler]
&lt;G,10/17/16 14:29:33 IST,[main]&gt;[DEBUG,WindowsOperatingSystemHelper,stopService] Executed the command [cmd.exe, /c, sc, query, Spooler]
&lt;G,10/17/16 14:29:33 IST,[main]&gt;[DEBUG,WindowsOperatingSystemHelper,getProcessStatus] Line :         STATE              : 4  RUNNING 
&lt;G,10/17/16 14:29:33 IST,[main]&gt;[DEBUG,WindowsOperatingSystemHelper,getProcessStatus] STATE : 4
&lt;O,10/17/16 14:29:33 IST,[main]&gt;[INFO ,WindowsOperatingSystemHelper,stopService] Service Spooler not stopped waiting for 18000 milliseconds..
&lt;O,10/17/16 14:29:51 IST,[main]&gt;[INFO ,WindowsOperatingSystemHelper,stopService] Stopping the service Spooler attempt  8
&lt;O,10/17/16 14:29:51 IST,[main]&gt;[INFO ,WindowsOperatingSystemHelper,stopService] Stopping the service .Spooler 
&lt;O,10/17/16 14:29:51 IST,[main]&gt;[INFO ,GenericOperatingSystemHelper,executeCommands] Generic command sent to Operating system Executing [cmd.exe, /c, sc, stop, Spooler]
&lt;G,10/17/16 14:29:51 IST,[main]&gt;[DEBUG,WindowsOperatingSystemHelper,stopService] Executing the command [cmd.exe, /c, sc, query, Spooler]
&lt;O,10/17/16 14:29:51 IST,[main]&gt;[INFO ,GenericOperatingSystemHelper,executeCommands] Generic command sent to Operating system Executing [cmd.exe, /c, sc, query, Spooler]
&lt;G,10/17/16 14:29:51 IST,[main]&gt;[DEBUG,WindowsOperatingSystemHelper,stopService] Executed the command [cmd.exe, /c, sc, query, Spooler]
&lt;G,10/17/16 14:29:51 IST,[main]&gt;[DEBUG,WindowsOperatingSystemHelper,getProcessStatus] Line :         STATE              : 4  RUNNING 
&lt;G,10/17/16 14:29:51 IST,[main]&gt;[DEBUG,WindowsOperatingSystemHelper,getProcessStatus] STATE : 4
&lt;O,10/17/16 14:29:51 IST,[main]&gt;[INFO ,WindowsOperatingSystemHelper,stopService] Service Spooler not stopped waiting for 18000 milliseconds..
&lt;O,10/17/16 14:30:09 IST,[main]&gt;[INFO ,WindowsOperatingSystemHelper,stopService] Stopping the service Spooler attempt  9
&lt;O,10/17/16 14:30:09 IST,[main]&gt;[INFO ,WindowsOperatingSystemHelper,stopService] Stopping the service .Spooler 
&lt;O,10/17/16 14:30:09 IST,[main]&gt;[INFO ,GenericOperatingSystemHelper,executeCommands] Generic command sent to Operating system Executing [cmd.exe, /c, sc, stop, Spooler]
&lt;G,10/17/16 14:30:09 IST,[main]&gt;[DEBUG,WindowsOperatingSystemHelper,stopService] Executing the command [cmd.exe, /c, sc, query, Spooler]
&lt;O,10/17/16 14:30:09 IST,[main]&gt;[INFO ,GenericOperatingSystemHelper,executeCommands] Generic command sent to Operating system Executing [cmd.exe, /c, sc, query, Spooler]
&lt;G,10/17/16 14:30:09 IST,[main]&gt;[DEBUG,WindowsOperatingSystemHelper,stopService] Executed the command [cmd.exe, /c, sc, query, Spooler]
&lt;G,10/17/16 14:30:09 IST,[main]&gt;[DEBUG,WindowsOperatingSystemHelper,getProcessStatus] Line :         STATE              : 4  RUNNING 
&lt;G,10/17/16 14:30:09 IST,[main]&gt;[DEBUG,WindowsOperatingSystemHelper,getProcessStatus] STATE : 4
&lt;O,10/17/16 14:30:09 IST,[main]&gt;[INFO ,WindowsOperatingSystemHelper,stopService] Service Spooler not stopped waiting for 18000 milliseconds..
&lt;O,10/17/16 14:30:27 IST,[main]&gt;[INFO ,WindowsOperatingSystemHelper,stopService] Stopping the service Spooler attempt  10
&lt;O,10/17/16 14:30:27 IST,[main]&gt;[INFO ,WindowsOperatingSystemHelper,stopService] Stopping the service .Spooler 
&lt;O,10/17/16 14:30:27 IST,[main]&gt;[INFO ,GenericOperatingSystemHelper,executeCommands] Generic command sent to Operating system Executing [cmd.exe, /c, sc, stop, Spooler]
&lt;G,10/17/16 14:30:27 IST,[main]&gt;[DEBUG,WindowsOperatingSystemHelper,stopService] Executing the command [cmd.exe, /c, sc, query, Spooler]
&lt;O,10/17/16 14:30:27 IST,[main]&gt;[INFO ,GenericOperatingSystemHelper,executeCommands] Generic command sent to Operating system Executing [cmd.exe, /c, sc, query, Spooler]
&lt;G,10/17/16 14:30:27 IST,[main]&gt;[DEBUG,WindowsOperatingSystemHelper,stopService] Executed the command [cmd.exe, /c, sc, query, Spooler]
&lt;G,10/17/16 14:30:28 IST,[main]&gt;[DEBUG,WindowsOperatingSystemHelper,getProcessStatus] Line :         STATE              : 4  RUNNING 
&lt;G,10/17/16 14:30:28 IST,[main]&gt;[DEBUG,WindowsOperatingSystemHelper,getProcessStatus] STATE : 4
&lt;O,10/17/16 14:30:28 IST,[main]&gt;[INFO ,WindowsOperatingSystemHelper,stopService] Service Spooler not stopped waiting for 18000 milliseconds..
&lt;O,10/17/16 14:30:46 IST,[main]&gt;[INFO ,WindowsOperatingSystemHelper,stopService] Stopping the service Spooler attempt  11
&lt;G,10/17/16 14:30:46 IST,[main]&gt;[DEBUG,WindowsOperatingSystemHelper,stopService] Stopping the service attempt  Spooler 11 failed. Exiting..
&lt;O,10/17/16 14:30:46 IST,[main]&gt;[INFO ,GenericOperatingSystemHelper,executeCommands] Generic command sent to Operating system Executing [cmd.exe, /c, sc, query, Spooler]
&lt;G,10/17/16 14:30:46 IST,[main]&gt;[DEBUG,WindowsOperatingSystemHelper,getProcessStatus] Line :         STATE              : 4  RUNNING 
&lt;G,10/17/16 14:30:46 IST,[main]&gt;[DEBUG,WindowsOperatingSystemHelper,getProcessStatus] STATE : 4
&lt;O,10/17/16 14:30:46 IST,[main]&gt;[INFO ,WindowsOperatingSystemHelper,stopService] Not able to execute the sc command [cmd.exe, /c, sc, stop, Spooler]
&lt;O,10/17/16 14:30:46 IST,[main]&gt;[INFO ,WindowsOperatingSystemHelper,stopService] So killing the process.
&lt;O,10/17/16 14:30:46 IST,[main]&gt;[INFO ,WindowsOperatingSystemHelper,killProcess] Stopping  with filter Services eq Spooler
&lt;O,10/17/16 14:30:46 IST,[main]&gt;[INFO ,WindowsOperatingSystemHelper,killProcess] Stopping . Waiting for 2 seconds..[cmd.exe, /c, taskkill, /F, , , /FI, &quot;Services eq Spooler&quot;]
&lt;O,10/17/16 14:30:48 IST,[main]&gt;[INFO ,GenericOperatingSystemHelper,executeCommands] Generic command sent to Operating system Executing [cmd.exe, /c, sc, query, Spooler]
&lt;G,10/17/16 14:30:48 IST,[main]&gt;[DEBUG,WindowsOperatingSystemHelper,getProcessStatus] Line :         STATE              : 4  RUNNING 
&lt;G,10/17/16 14:30:48 IST,[main]&gt;[DEBUG,WindowsOperatingSystemHelper,getProcessStatus] STATE : 4
&lt;R,10/17/16 14:30:48 IST,[main]&gt;[ERROR,WindowsOperatingSystemHelper,stopService] Could not stop the service Spooler
</system-out>
  </testcase>
  <testcase time="0.196" classname="com.bmc.util.os.WindowsOperatingSystemHelperJunitTest" name="testWindowsBatch"/>
  <testcase time="0.396" classname="com.bmc.util.os.WindowsOperatingSystemHelperJunitTest" name="testServiceStart"/>
  <testcase time="4.053" classname="com.bmc.util.os.WindowsOperatingSystemHelperJunitTest" name="testTaskKill"/>
</testsuite>