<?xml version="1.0" encoding="UTF-8" ?>
<testsuite failures="0" time="1.687" errors="0" skipped="0" tests="8" name="com.bmc.util.io.impl.GenericFileHelperImplJunitTest">
  <properties>
[...]
</properties>
  <testcase time="0.197" classname="com.bmc.util.io.impl.GenericFileHelperImplJunitTest" name="testCopyFile"/>
  <testcase time="0.225" classname="com.bmc.util.io.impl.GenericFileHelperImplJunitTest" name="testCopyDirectory"/>
  <testcase time="0.179" classname="com.bmc.util.io.impl.GenericFileHelperImplJunitTest" name="testCreateDirectory"/>
  <testcase time="0.17" classname="com.bmc.util.io.impl.GenericFileHelperImplJunitTest" name="testCreateFile"/>
  <testcase time="0.388" classname="com.bmc.util.io.impl.GenericFileHelperImplJunitTest" name="testRegexPattern"/>
  <testcase time="0.178" classname="com.bmc.util.io.impl.GenericFileHelperImplJunitTest" name="testExtractFolder"/>
  <testcase time="0.19" classname="com.bmc.util.io.impl.GenericFileHelperImplJunitTest" name="testDeleteFile"/>
  <testcase time="0.16" classname="com.bmc.util.io.impl.GenericFileHelperImplJunitTest" name="testGetParentDirectory"/>
</testsuite>